<?xml version="1.0" encoding="UTF-8"?>
<!-- Generated by org.testng.reporters.JUnitXMLReporter -->
<testsuite hostname="DESKTOP-U4TDB48" ignored="2" name="Test-chrome-Runner" tests="6" failures="0" timestamp="2021-03-03T23:44:00 IST" time="142.443" errors="0">
  <testcase name="createpurchaseorder" time="20.128" classname="com.crm.vtiger.testscripts.Deliveredpurchaseorder">
    <skipped/>
  </testcase> <!-- createpurchaseorder -->
  <testcase name="createpurchaseorder" time="0.0" classname="com.crm.vtiger.testscripts.Deliveredpurchaseorder">
    <skipped/>
  </testcase> <!-- createpurchaseorder -->
  <testcase name="createpurchaseorderwithdeliveredstatus" time="0.0" classname="com.crm.vtiger.testscripts.Deliveredpurchaseorder">
    <skipped/>
  </testcase> <!-- createpurchaseorderwithdeliveredstatus -->
  <testcase name="createpurchaseorder" time="3.763" classname="com.crm.vtiger.testscripts.Cancelledpurchaseorder">
    <skipped/>
  </testcase> <!-- createpurchaseorder -->
  <testcase name="createpurchaseorder" time="0.0" classname="com.crm.vtiger.testscripts.Cancelledpurchaseorder">
    <skipped/>
  </testcase> <!-- createpurchaseorder -->
  <testcase name="createpurchaseorderwithcancelledstatus" time="0.0" classname="com.crm.vtiger.testscripts.Cancelledpurchaseorder">
    <skipped/>
  </testcase> <!-- createpurchaseorderwithcancelledstatus -->
  <testcase name="@BeforeSuite configBeforeSuite" time="0.0" classname="com.genericlib.BaseClass">
    <ignored/>
  </testcase> <!-- @BeforeSuite configBeforeSuite -->
  <testcase name="@AfterSuite configAfterSuite" time="0.0" classname="com.genericlib.BaseClass">
    <ignored/>
  </testcase> <!-- @AfterSuite configAfterSuite -->
</testsuite> <!-- Test-chrome-Runner -->
