<?xml version="1.0" encoding="UTF-8"?>
<!-- Generated by org.testng.reporters.JUnitReportReporter -->
<testsuite skipped="0" hostname="DESKTOP-U4TDB48" name="com.practice.Test2" tests="1" failures="0" timestamp="2021-04-14T12:36:01 IST" time="23.295" errors="0">
  <testcase name="sample" time="23.295" classname="com.practice.Test2"/>
</testsuite> <!-- com.practice.Test2 -->
