<?xml version="1.0" encoding="UTF-8"?>
<!-- Generated by org.testng.reporters.JUnitReportReporter -->
<testsuite skipped="0" hostname="DESKTOP-U4TDB48" name="com.createpurchaseorderassignedtogroup.Assignedtogrouppurchaseorder" tests="2" failures="0" timestamp="2021-03-01T00:55:13 IST" time="33.897" errors="0">
  <testcase name="createpurchaseordeassignedtogroup" time="17.165" classname="com.createpurchaseorderassignedtogroup.Assignedtogrouppurchaseorder"/>
  <testcase name="createpurchaseorder" time="16.732" classname="com.createpurchaseorderassignedtogroup.Assignedtogrouppurchaseorder"/>
</testsuite> <!-- com.createpurchaseorderassignedtogroup.Assignedtogrouppurchaseorder -->
