<?xml version="1.0" encoding="UTF-8"?>
<!-- Generated by org.testng.reporters.JUnitReportReporter -->
<testsuite skipped="0" hostname="DESKTOP-U4TDB48" name="com.vtigerpurchaseorder.testscripts.Receivedshipment" tests="1" failures="0" timestamp="2021-02-27T18:09:34 IST" time="20.705" errors="0">
  <testcase name="receiveshipment" time="20.705" classname="com.vtigerpurchaseorder.testscripts.Receivedshipment"/>
</testsuite> <!-- com.vtigerpurchaseorder.testscripts.Receivedshipment -->
