<?xml version="1.0" encoding="UTF-8"?>
<!-- Generated by org.testng.reporters.JUnitReportReporter -->
<testsuite skipped="0" hostname="DESKTOP-U4TDB48" name="com.vtiger.purchaseorder.testscripts.Testcase3" tests="1" failures="0" timestamp="2021-02-25T16:39:52 IST" time="25.738" errors="0">
  <testcase name="receivedshipmentpurchaseorder" time="25.738" classname="com.vtiger.purchaseorder.testscripts.Testcase3"/>
</testsuite> <!-- com.vtiger.purchaseorder.testscripts.Testcase3 -->
