<?xml version="1.0" encoding="UTF-8"?>
<!-- Generated by org.testng.reporters.JUnitReportReporter -->
<testsuite skipped="0" hostname="DESKTOP-U4TDB48" name="com.vtiger.purchaseorder.testscripts.Testcase2" tests="1" failures="0" timestamp="2021-02-25T13:20:50 IST" time="24.907" errors="0">
  <testcase name="cancellededpurchaseorder" time="24.907" classname="com.vtiger.purchaseorder.testscripts.Testcase2"/>
</testsuite> <!-- com.vtiger.purchaseorder.testscripts.Testcase2 -->
