<?xml version="1.0" encoding="UTF-8"?>
<!-- Generated by org.testng.reporters.JUnitReportReporter -->
<testsuite skipped="0" hostname="DESKTOP-U4TDB48" name="com.vtiger.purchaseorder.testscripts.Testcase4" tests="1" failures="0" timestamp="2021-02-25T13:31:58 IST" time="23.845" errors="0">
  <testcase name="receivedshipmentpurchaseorder" time="23.845" classname="com.vtiger.purchaseorder.testscripts.Testcase4"/>
</testsuite> <!-- com.vtiger.purchaseorder.testscripts.Testcase4 -->
