<?xml version="1.0" encoding="UTF-8"?>
<!-- Generated by org.testng.reporters.JUnitReportReporter -->
<testsuite skipped="0" hostname="DESKTOP-U4TDB48" name="com.practice.Test1" tests="1" failures="0" timestamp="2021-03-15T13:10:35 IST" time="0.015" errors="0">
  <testcase name="print" time="0.015" classname="com.practice.Test1"/>
</testsuite> <!-- com.practice.Test1 -->
