<?xml version="1.0" encoding="UTF-8"?>
<!-- Generated by org.testng.reporters.JUnitReportReporter -->
<testsuite skipped="0" hostname="DESKTOP-U4TDB48" name="com.JDBC.practice.Test1" tests="1" failures="0" timestamp="2021-03-14T12:34:59 IST" time="16.314" errors="0">
  <testcase name="test" time="16.314" classname="com.JDBC.practice.Test1"/>
</testsuite> <!-- com.JDBC.practice.Test1 -->
