<?xml version="1.0" encoding="UTF-8"?>
<!-- Generated by org.testng.reporters.JUnitReportReporter -->
<testsuite skipped="0" hostname="DESKTOP-U4TDB48" name="com.JDBC.practice.URLfromProperty" tests="1" failures="0" timestamp="2021-02-24T13:45:53 IST" time="7.478" errors="0">
  <testcase name="vtigerlaunch" time="7.478" classname="com.JDBC.practice.URLfromProperty"/>
</testsuite> <!-- com.JDBC.practice.URLfromProperty -->
