<?xml version="1.0" encoding="UTF-8"?>
<!-- Generated by org.testng.reporters.JUnitReportReporter -->
<testsuite skipped="0" hostname="DESKTOP-U4TDB48" name="com.JDBC.practice.AddMemberof2" tests="1" failures="0" timestamp="2021-02-25T15:41:46 IST" time="35.852" errors="0">
  <testcase name="org" time="35.852" classname="com.JDBC.practice.AddMemberof2"/>
</testsuite> <!-- com.JDBC.practice.AddMemberof2 -->
