<?xml version="1.0" encoding="UTF-8"?>
<!-- Generated by org.testng.reporters.JUnitReportReporter -->
<testsuite skipped="0" hostname="DESKTOP-U4TDB48" name="com.createpurchaseorderassinedtomarketinggroup.Assignedtomarketinggrouppurchaseorder" tests="2" failures="0" timestamp="2021-03-01T01:04:04 IST" time="34.383" errors="0">
  <testcase name="createpurchaseordeassignedtomarketinggroup" time="17.762" classname="com.createpurchaseorderassinedtomarketinggroup.Assignedtomarketinggrouppurchaseorder"/>
  <testcase name="createpurchaseorder" time="16.621" classname="com.createpurchaseorderassinedtomarketinggroup.Assignedtomarketinggrouppurchaseorder"/>
</testsuite> <!-- com.createpurchaseorderassinedtomarketinggroup.Assignedtomarketinggrouppurchaseorder -->
