<?xml version="1.0" encoding="UTF-8"?>
<!-- Generated by org.testng.reporters.JUnitReportReporter -->
<testsuite skipped="0" hostname="DESKTOP-U4TDB48" name="com.vtigerpurchaseorder.testscripts.Cancelledpurchaseorder" tests="1" failures="0" timestamp="2021-02-27T18:08:46 IST" time="20.583" errors="0">
  <testcase name="cancelledpurchaseorder" time="20.583" classname="com.vtigerpurchaseorder.testscripts.Cancelledpurchaseorder"/>
</testsuite> <!-- com.vtigerpurchaseorder.testscripts.Cancelledpurchaseorder -->
