<?xml version="1.0" encoding="UTF-8"?>
<!-- Generated by org.testng.reporters.JUnitReportReporter -->
<testsuite skipped="1" hostname="DESKTOP-U4TDB48" name="com.crm.vtiger.testscripts.Cancelledpurchaseorder" tests="3" failures="0" timestamp="2021-03-10T20:50:42 IST" time="130.320" errors="0">
  <testcase name="createpurchaseorder" time="54.193" classname="com.crm.vtiger.testscripts.Cancelledpurchaseorder"/>
  <testcase name="createpurchaseorder" time="34.691" classname="com.crm.vtiger.testscripts.Cancelledpurchaseorder">
    <skipped/>
  </testcase> <!-- createpurchaseorder -->
  <testcase name="createpurchaseorderwithcancelledstatus" time="41.436" classname="com.crm.vtiger.testscripts.Cancelledpurchaseorder"/>
</testsuite> <!-- com.crm.vtiger.testscripts.Cancelledpurchaseorder -->
