<?xml version="1.0" encoding="UTF-8"?>
<!-- Generated by org.testng.reporters.JUnitReportReporter -->
<testsuite skipped="0" hostname="DESKTOP-U4TDB48" name="com.vtiger.purchaseorder.testscripts.Testcase1" tests="1" failures="0" timestamp="2021-02-26T11:02:01 IST" time="59.997" errors="0">
  <testcase name="deliveredpurchaseorder" time="59.997" classname="com.vtiger.purchaseorder.testscripts.Testcase1"/>
</testsuite> <!-- com.vtiger.purchaseorder.testscripts.Testcase1 -->
