<?xml version="1.0" encoding="UTF-8"?>
<!-- Generated by org.testng.reporters.JUnitReportReporter -->
<testsuite skipped="0" hostname="DESKTOP-U4TDB48" name="com.JDBC.practice.Organisation" tests="1" failures="0" timestamp="2021-02-23T18:43:02 IST" time="22.784" errors="0">
  <testcase name="org" time="22.784" classname="com.JDBC.practice.Organisation"/>
</testsuite> <!-- com.JDBC.practice.Organisation -->
