<?xml version="1.0" encoding="UTF-8"?>
<!-- Generated by org.testng.reporters.JUnitReportReporter -->
<testsuite skipped="1" hostname="DESKTOP-U4TDB48" name="com.crm.vtiger.testscripts.Receivedshipmentpurchaseorder" tests="3" failures="0" timestamp="2021-03-10T12:17:38 IST" time="46.194" errors="0">
  <testcase name="createpurchaseorderwithreceivedshipmentstatus" time="17.504" classname="com.crm.vtiger.testscripts.Receivedshipmentpurchaseorder"/>
  <testcase name="createpurchaseorder" time="16.290" classname="com.crm.vtiger.testscripts.Receivedshipmentpurchaseorder"/>
  <testcase name="createpurchaseorderwithreceivedshipmentstatus" time="12.400" classname="com.crm.vtiger.testscripts.Receivedshipmentpurchaseorder">
    <skipped/>
  </testcase> <!-- createpurchaseorderwithreceivedshipmentstatus -->
</testsuite> <!-- com.crm.vtiger.testscripts.Receivedshipmentpurchaseorder -->
