<?xml version="1.0" encoding="UTF-8"?>
<!-- Generated by org.testng.reporters.JUnitReportReporter -->
<testsuite skipped="0" hostname="DESKTOP-U4TDB48" name="com.vtigerpurchaseorder.testscripts.Assignedtouser" tests="1" failures="0" timestamp="2021-02-27T18:10:26 IST" time="22.763" errors="0">
  <testcase name="assigntouser" time="22.763" classname="com.vtigerpurchaseorder.testscripts.Assignedtouser"/>
</testsuite> <!-- com.vtigerpurchaseorder.testscripts.Assignedtouser -->
