<?xml version="1.0" encoding="UTF-8"?>
<!-- Generated by org.testng.reporters.JUnitReportReporter -->
<testsuite skipped="0" hostname="DESKTOP-U4TDB48" name="com.JDBC.practice.AddMemberof" tests="1" failures="0" timestamp="2021-02-24T10:36:11 IST" time="24.450" errors="0">
  <testcase name="org" time="24.450" classname="com.JDBC.practice.AddMemberof"/>
</testsuite> <!-- com.JDBC.practice.AddMemberof -->
