<?xml version="1.0" encoding="UTF-8"?>
<!-- Generated by org.testng.reporters.JUnitReportReporter -->
<testsuite skipped="0" hostname="DESKTOP-U4TDB48" name="com.vtigerpurchaseorder.testscripts.Assignedtomarketinggroup" tests="1" failures="0" timestamp="2021-02-27T18:12:02 IST" time="21.897" errors="0">
  <testcase name="assigntomarketinggroup" time="21.897" classname="com.vtigerpurchaseorder.testscripts.Assignedtomarketinggroup"/>
</testsuite> <!-- com.vtigerpurchaseorder.testscripts.Assignedtomarketinggroup -->
