<?xml version="1.0" encoding="UTF-8"?>
<!-- Generated by org.testng.reporters.JUnitReportReporter -->
<testsuite skipped="3" hostname="DESKTOP-U4TDB48" name="com.crm.vtiger.testscripts.Assignedtomarketinggrouppurchaseorder" tests="5" failures="0" timestamp="2021-03-11T14:47:38 IST" time="91.131" errors="0">
  <testcase name="createpurchaseorder" time="23.277" classname="com.crm.vtiger.testscripts.Assignedtomarketinggrouppurchaseorder"/>
  <testcase name="createpurchaseordeassignedtomarketinggroup" time="23.789" classname="com.crm.vtiger.testscripts.Assignedtomarketinggrouppurchaseorder"/>
  <testcase name="createpurchaseordeassignedtomarketinggroup" time="16.336" classname="com.crm.vtiger.testscripts.Assignedtomarketinggrouppurchaseorder">
    <skipped/>
  </testcase> <!-- createpurchaseordeassignedtomarketinggroup -->
  <testcase name="createpurchaseordeassignedtomarketinggroup" time="14.066" classname="com.crm.vtiger.testscripts.Assignedtomarketinggrouppurchaseorder">
    <skipped/>
  </testcase> <!-- createpurchaseordeassignedtomarketinggroup -->
  <testcase name="createpurchaseordeassignedtomarketinggroup" time="13.663" classname="com.crm.vtiger.testscripts.Assignedtomarketinggrouppurchaseorder">
    <skipped/>
  </testcase> <!-- createpurchaseordeassignedtomarketinggroup -->
</testsuite> <!-- com.crm.vtiger.testscripts.Assignedtomarketinggrouppurchaseorder -->
