<?xml version="1.0" encoding="UTF-8"?>
<!-- Generated by org.testng.reporters.JUnitReportReporter -->
<testsuite skipped="1" hostname="DESKTOP-U4TDB48" name="com.crm.vtiger.testscripts.Cancelledpurchaseorder" tests="2" failures="0" timestamp="2021-05-06T20:32:18 IST" time="30.197" errors="0">
  <testcase name="createpurchaseorderwithcancelledstatus" time="18.142" classname="com.crm.vtiger.testscripts.Cancelledpurchaseorder"/>
  <testcase name="createpurchaseorderwithcancelledstatus" time="12.055" classname="com.crm.vtiger.testscripts.Cancelledpurchaseorder">
    <skipped/>
  </testcase> <!-- createpurchaseorderwithcancelledstatus -->
</testsuite> <!-- com.crm.vtiger.testscripts.Cancelledpurchaseorder -->
