<?xml version="1.0" encoding="UTF-8"?>
<!-- Generated by org.testng.reporters.JUnitReportReporter -->
<testsuite skipped="0" hostname="DESKTOP-U4TDB48" name="com.createnewpurchaseorderwithcancelledstatus.Cancelledpurchaseorder" tests="2" failures="0" timestamp="2021-02-28T13:03:24 IST" time="41.251" errors="0">
  <testcase name="createpurchaseorderwithcncellededstatus" time="20.850" classname="com.createnewpurchaseorderwithcancelledstatus.Cancelledpurchaseorder"/>
  <testcase name="createpurchaseorder" time="20.401" classname="com.createnewpurchaseorderwithcancelledstatus.Cancelledpurchaseorder"/>
</testsuite> <!-- com.createnewpurchaseorderwithcancelledstatus.Cancelledpurchaseorder -->
