<?xml version="1.0" encoding="UTF-8"?>
<!-- Generated by org.testng.reporters.JUnitReportReporter -->
<testsuite skipped="0" hostname="DESKTOP-U4TDB48" name="com.vtigerpurchaseorder.testscripts.Assigntogroup" tests="1" failures="0" timestamp="2021-02-27T18:11:13 IST" time="22.717" errors="0">
  <testcase name="assigntogroup" time="22.717" classname="com.vtigerpurchaseorder.testscripts.Assigntogroup"/>
</testsuite> <!-- com.vtigerpurchaseorder.testscripts.Assigntogroup -->
