<?xml version="1.0" encoding="UTF-8"?>
<!-- Generated by org.testng.reporters.JUnitReportReporter -->
<testsuite skipped="2" hostname="DESKTOP-U4TDB48" name="com.crm.vtiger.testscripts.Assignedtogrouppurchaseorder" tests="4" failures="0" timestamp="2021-03-10T12:19:36 IST" time="62.604" errors="0">
  <testcase name="createpurchaseorder" time="18.270" classname="com.crm.vtiger.testscripts.Assignedtogrouppurchaseorder"/>
  <testcase name="createpurchaseordeassignedtgroup" time="18.415" classname="com.crm.vtiger.testscripts.Assignedtogrouppurchaseorder"/>
  <testcase name="createpurchaseordeassignedtgroup" time="13.907" classname="com.crm.vtiger.testscripts.Assignedtogrouppurchaseorder">
    <skipped/>
  </testcase> <!-- createpurchaseordeassignedtgroup -->
  <testcase name="createpurchaseordeassignedtgroup" time="12.012" classname="com.crm.vtiger.testscripts.Assignedtogrouppurchaseorder">
    <skipped/>
  </testcase> <!-- createpurchaseordeassignedtgroup -->
</testsuite> <!-- com.crm.vtiger.testscripts.Assignedtogrouppurchaseorder -->
