<?xml version="1.0" encoding="UTF-8"?>
<!-- Generated by org.testng.reporters.JUnitReportReporter -->
<testsuite skipped="0" hostname="DESKTOP-U4TDB48" name="com.JDBC.practice.DynamicWebtable" tests="1" failures="0" timestamp="2021-02-23T16:16:26 IST" time="23.873" errors="0">
  <testcase name="CaptureDynamicWebtable" time="23.873" classname="com.JDBC.practice.DynamicWebtable"/>
</testsuite> <!-- com.JDBC.practice.DynamicWebtable -->
