<?xml version="1.0" encoding="UTF-8"?>
<!-- Generated by org.testng.reporters.JUnitReportReporter -->
<testsuite skipped="0" hostname="DESKTOP-U4TDB48" name="com.practiceformock.Test2" tests="1" failures="0" timestamp="2021-03-14T13:33:33 IST" time="6.992" errors="0">
  <testcase name="test2" time="6.992" classname="com.practiceformock.Test2"/>
</testsuite> <!-- com.practiceformock.Test2 -->
