<?xml version="1.0" encoding="UTF-8"?>
<!-- Generated by org.testng.reporters.JUnitReportReporter -->
<testsuite skipped="0" hostname="DESKTOP-U4TDB48" name="com.vtiger.purchaseorder.testscripts.Testcase5" tests="1" failures="0" timestamp="2021-02-25T13:34:40 IST" time="22.440" errors="0">
  <testcase name="receivedshipmentpurchaseorder" time="22.440" classname="com.vtiger.purchaseorder.testscripts.Testcase5"/>
</testsuite> <!-- com.vtiger.purchaseorder.testscripts.Testcase5 -->
