<?xml version="1.0" encoding="UTF-8"?>
<!-- Generated by org.testng.reporters.JUnitReportReporter -->
<testsuite skipped="0" hostname="DESKTOP-U4TDB48" name="com.JDBC.practice.CompareOrganisations" tests="1" failures="0" timestamp="2021-02-23T17:36:36 IST" time="21.437" errors="0">
  <testcase name="compare" time="21.437" classname="com.JDBC.practice.CompareOrganisations"/>
</testsuite> <!-- com.JDBC.practice.CompareOrganisations -->
