<?xml version="1.0" encoding="UTF-8"?>
<!-- Generated by org.testng.reporters.JUnitReportReporter -->
<testsuite skipped="0" hostname="DESKTOP-U4TDB48" name="com.JDBC.practice.DataproviderTest1" tests="3" failures="0" timestamp="2021-03-07T12:41:16 IST" time="0.018" errors="0">
  <testcase name="SampleDataTest" time="0.005" classname="com.JDBC.practice.DataproviderTest1"/>
  <testcase name="SampleDataTest" time="0.011" classname="com.JDBC.practice.DataproviderTest1"/>
  <testcase name="SampleDataTest" time="0.002" classname="com.JDBC.practice.DataproviderTest1"/>
</testsuite> <!-- com.JDBC.practice.DataproviderTest1 -->
