<?xml version="1.0" encoding="UTF-8"?>
<!-- Generated by org.testng.reporters.JUnitReportReporter -->
<testsuite skipped="0" hostname="DESKTOP-U4TDB48" name="com.createpurchaseorderwithreceivedshipmentstatus.Receivedshipmentpurchaseorder" tests="2" failures="0" timestamp="2021-03-01T00:25:10 IST" time="56.574" errors="0">
  <testcase name="createpurchaseorder" time="25.072" classname="com.createpurchaseorderwithreceivedshipmentstatus.Receivedshipmentpurchaseorder"/>
  <testcase name="createpurchaseorderwithreceivedshipmentstatus" time="31.502" classname="com.createpurchaseorderwithreceivedshipmentstatus.Receivedshipmentpurchaseorder"/>
</testsuite> <!-- com.createpurchaseorderwithreceivedshipmentstatus.Receivedshipmentpurchaseorder -->
