<?xml version="1.0" encoding="UTF-8"?>
<!-- Generated by org.testng.reporters.JUnitReportReporter -->
<testsuite skipped="0" hostname="DESKTOP-U4TDB48" name="com.createpurchaseorderwithdeliverdsatus.Deliveredpurchaseorder" tests="2" failures="0" timestamp="2021-03-01T00:06:34 IST" time="56.126" errors="0">
  <testcase name="createpurchaseorder" time="25.558" classname="com.createpurchaseorderwithdeliverdsatus.Deliveredpurchaseorder"/>
  <testcase name="createpurchaseorderwithdeliveredstatus" time="30.568" classname="com.createpurchaseorderwithdeliverdsatus.Deliveredpurchaseorder"/>
</testsuite> <!-- com.createpurchaseorderwithdeliverdsatus.Deliveredpurchaseorder -->
