<?xml version="1.0" encoding="UTF-8"?>
<!-- Generated by org.testng.reporters.JUnitReportReporter -->
<testsuite skipped="0" hostname="DESKTOP-U4TDB48" name="com.crm.vtiger.testscripts.Deliveredpurchaseorder" tests="1" failures="0" timestamp="2021-05-07T16:49:03 IST" time="41.258" errors="0">
  <testcase name="createpurchaseorderwithdeliveredstatus" time="41.258" classname="com.crm.vtiger.testscripts.Deliveredpurchaseorder"/>
</testsuite> <!-- com.crm.vtiger.testscripts.Deliveredpurchaseorder -->
