<?xml version="1.0" encoding="UTF-8"?>
<!-- Generated by org.testng.reporters.JUnitReportReporter -->
<testsuite skipped="0" hostname="DESKTOP-U4TDB48" name="com.vtigerpurchaseorder.testscripts.Deliveredpurchaseorder" tests="2" failures="0" timestamp="2021-02-28T12:30:02 IST" time="88.591" errors="0">
  <testcase name="createpurchaseorderwithdeliveredstatus" time="40.835" classname="com.vtigerpurchaseorder.testscripts.Deliveredpurchaseorder"/>
  <testcase name="createpurchaseorder" time="47.756" classname="com.vtigerpurchaseorder.testscripts.Deliveredpurchaseorder"/>
</testsuite> <!-- com.vtigerpurchaseorder.testscripts.Deliveredpurchaseorder -->
