<?xml version="1.0" encoding="UTF-8"?>
<!-- Generated by org.testng.reporters.JUnitReportReporter -->
<testsuite skipped="0" hostname="DESKTOP-U4TDB48" name="com.JDBC.practice.RandomClass" tests="1" failures="0" timestamp="2021-02-23T18:19:05 IST" time="20.675" errors="0">
  <testcase name="Random" time="20.675" classname="com.JDBC.practice.RandomClass"/>
</testsuite> <!-- com.JDBC.practice.RandomClass -->
