<?xml version="1.0" encoding="UTF-8"?>
<!-- Generated by org.testng.reporters.JUnitReportReporter -->
<testsuite skipped="0" hostname="DESKTOP-U4TDB48" name="com.createpurchaseorderwithcancelledstatus.Cancelledpurchaseorder" tests="2" failures="0" timestamp="2021-03-01T00:07:52 IST" time="57.521" errors="0">
  <testcase name="createpurchaseorder" time="26.402" classname="com.createpurchaseorderwithcancelledstatus.Cancelledpurchaseorder"/>
  <testcase name="createpurchaseorderwithcancelledstatus" time="31.119" classname="com.createpurchaseorderwithcancelledstatus.Cancelledpurchaseorder"/>
</testsuite> <!-- com.createpurchaseorderwithcancelledstatus.Cancelledpurchaseorder -->
